[2026-06-02 17:48:23.180] Initializing Z-stage (Serial: 71945320, Channel: 1)...
[2026-06-02 17:48:26.473] Connected to BenchtopPiezo device.
[2026-06-02 17:48:26.473] Retrieved channel 1.
[2026-06-02 17:48:26.484] Settings initialized.
[2026-06-02 17:48:27.001] Device polling started and enabled.
[2026-06-02 17:48:27.001] Device: APT High Voltage Amplifier
[2026-06-02 17:48:27.308] Max output voltage: 75V
[2026-06-02 17:48:27.308] Z-stage initialized successfully.
[2026-06-02 17:48:27.308] WARNING: Could not read Z voltage: float() argument must be a string or a real number, not 'Decimal'
[2026-06-02 17:48:27.335] ERROR: Failed to set Z voltage to 75.00V: No method matches given arguments for Decimal..ctor: (<class 'str'>)
[2026-06-02 17:48:27.335] Z-stage polling stopped.
[2026-06-02 17:48:27.335] Z-stage shut down.
[2026-06-02 17:52:02.242] Initializing Z-stage (Serial: 71945320, Channel: 1)...
[2026-06-02 17:52:05.447] Connected to BenchtopPiezo device.
[2026-06-02 17:52:05.451] Retrieved channel 1.
[2026-06-02 17:52:05.451] Settings initialized.
[2026-06-02 17:52:05.964] Device polling started and enabled.
[2026-06-02 17:52:05.968] Device: APT High Voltage Amplifier
[2026-06-02 17:52:06.265] Max output voltage: 75V
[2026-06-02 17:52:06.265] Z-stage initialized successfully.
[2026-06-02 17:52:06.298] ERROR: Failed to set Z voltage to 75.00V: No method matches given arguments for Decimal..ctor: (<class 'str'>)
[2026-06-02 17:52:06.298] Z-stage polling stopped.
[2026-06-02 17:52:06.299] Z-stage shut down.
[2026-06-02 17:54:28.228] Initializing Z-stage (Serial: 71945320, Channel: 1)...
[2026-06-02 17:54:31.389] Connected to BenchtopPiezo device.
[2026-06-02 17:54:31.395] Retrieved channel 1.
[2026-06-02 17:54:31.395] Settings initialized.
[2026-06-02 17:54:31.907] Device polling started and enabled.
[2026-06-02 17:54:31.913] Device: APT High Voltage Amplifier
[2026-06-02 17:54:32.215] Max output voltage: 75V
[2026-06-02 17:54:32.215] Z-stage initialized successfully.
[2026-06-02 18:00:03.153] Initializing Z-stage (Serial: 71945320, Channel: 1)...
[2026-06-02 18:00:06.326] Connected to BenchtopPiezo device.
[2026-06-02 18:00:06.335] Retrieved channel 1.
[2026-06-02 18:00:06.336] Settings initialized.
[2026-06-02 18:00:06.854] Device polling started and enabled.
[2026-06-02 18:00:06.854] Device: APT High Voltage Amplifier
[2026-06-02 18:00:07.158] Max output voltage: 75V
[2026-06-02 18:00:07.158] Z-stage initialized successfully.
[2026-06-02 18:00:07.776] Z-stage polling stopped.
[2026-06-02 18:00:07.779] Z-stage shut down.
[2026-06-02 18:07:09.027] Initializing Z-stage (Serial: 71945320, Channel: 1)...
[2026-06-02 18:07:12.158] Connected to BenchtopPiezo device.
[2026-06-02 18:07:12.165] Retrieved channel 1.
[2026-06-02 18:07:12.165] Settings initialized.
[2026-06-02 18:07:12.679] Device polling started and enabled.
[2026-06-02 18:07:12.686] Device: APT High Voltage Amplifier
[2026-06-02 18:07:12.992] Max output voltage: 75V
[2026-06-02 18:07:12.992] Z-stage initialized successfully.
[2026-06-02 18:07:50.017] Initializing Z-stage (Serial: 71945320, Channel: 1)...
[2026-06-02 18:07:53.157] Connected to BenchtopPiezo device.
[2026-06-02 18:07:53.161] Retrieved channel 1.
[2026-06-02 18:07:53.162] Settings initialized.
[2026-06-02 18:07:53.676] Device polling started and enabled.
[2026-06-02 18:07:53.681] Device: APT High Voltage Amplifier
[2026-06-02 18:07:53.982] Max output voltage: 75V
[2026-06-02 18:07:53.982] Z-stage initialized successfully.
[2026-06-02 18:07:54.596] 
======================================================================
[2026-06-02 18:07:54.596] AUTOFOCUS on emitter at (0.00, 0.00) um
[2026-06-02 18:07:54.596] ======================================================================
[2026-06-02 18:07:54.596] 
[PHASE 1a] Symmetric scan ±10.0V @ 1.0V steps
[2026-06-02 18:10:57.726] Initializing Z-stage (Serial: 71945320, Channel: 1)...
[2026-06-02 18:11:00.914] Connected to BenchtopPiezo device.
[2026-06-02 18:11:00.918] Retrieved channel 1.
[2026-06-02 18:11:00.918] Settings initialized.
[2026-06-02 18:11:01.437] Device polling started and enabled.
[2026-06-02 18:11:01.440] Device: APT High Voltage Amplifier
[2026-06-02 18:11:01.749] Max output voltage: 75V
[2026-06-02 18:11:01.750] Z-stage initialized successfully.
[2026-06-02 18:11:02.352] 
======================================================================
[2026-06-02 18:11:02.352] AUTOFOCUS on emitter at (0.00, 0.00) um
[2026-06-02 18:11:02.352] ======================================================================
[2026-06-02 18:11:02.352] 
[PHASE 1a] Symmetric scan ±10.0V @ 1.0V steps
[2026-06-02 18:11:33.166] Initializing Z-stage (Serial: 71945320, Channel: 1)...
[2026-06-02 18:11:36.345] Connected to BenchtopPiezo device.
[2026-06-02 18:11:36.350] Retrieved channel 1.
[2026-06-02 18:11:36.352] Settings initialized.
[2026-06-02 18:11:36.866] Device polling started and enabled.
[2026-06-02 18:11:36.872] Device: APT High Voltage Amplifier
[2026-06-02 18:11:37.177] Max output voltage: 75V
[2026-06-02 18:11:37.177] Z-stage initialized successfully.
[2026-06-02 18:11:37.794] 
======================================================================
[2026-06-02 18:11:37.794] AUTOFOCUS on emitter at (0.00, 0.00) um
[2026-06-02 18:11:37.794] ======================================================================
[2026-06-02 18:11:37.794] 
[PHASE 1a] Symmetric scan ±10.0V @ 1.0V steps
[2026-06-02 18:11:37.794] Current voltage: 58.2979827265236V
[2026-06-02 18:13:07.032] Initializing Z-stage (Serial: 71945320, Channel: 1)...
[2026-06-02 18:13:10.204] Connected to BenchtopPiezo device.
[2026-06-02 18:13:10.213] Retrieved channel 1.
[2026-06-02 18:13:10.215] Settings initialized.
[2026-06-02 18:13:10.720] Device polling started and enabled.
[2026-06-02 18:13:10.720] Device: APT High Voltage Amplifier
[2026-06-02 18:13:11.025] Max output voltage: 75V
[2026-06-02 18:13:11.025] Z-stage initialized successfully.
[2026-06-02 18:13:11.636] 
======================================================================
[2026-06-02 18:13:11.636] AUTOFOCUS on emitter at (0.00, 0.00) um
[2026-06-02 18:13:11.636] ======================================================================
[2026-06-02 18:13:11.636] 
[PHASE 1a] Symmetric scan ±10.0V @ 1.0V steps
[2026-06-02 18:14:31.462] Initializing Z-stage (Serial: 71945320, Channel: 1)...
[2026-06-02 18:14:34.604] Connected to BenchtopPiezo device.
[2026-06-02 18:14:34.604] Retrieved channel 1.
[2026-06-02 18:14:34.604] Settings initialized.
[2026-06-02 18:14:35.121] Device polling started and enabled.
[2026-06-02 18:14:35.126] Device: APT High Voltage Amplifier
[2026-06-02 18:14:35.431] Max output voltage: 75V
[2026-06-02 18:14:35.431] Z-stage initialized successfully.
[2026-06-02 18:14:36.063] 
======================================================================
[2026-06-02 18:14:36.064] AUTOFOCUS on emitter at (0.00, 0.00) um
[2026-06-02 18:14:36.066] ======================================================================
[2026-06-02 18:14:36.068] 
[PHASE 1a] Symmetric scan ±10.0V @ 1.0V steps
[2026-06-02 18:15:15.029] Initializing Z-stage (Serial: 71945320, Channel: 1)...
[2026-06-02 18:15:18.211] Connected to BenchtopPiezo device.
[2026-06-02 18:15:18.218] Retrieved channel 1.
[2026-06-02 18:15:18.223] Settings initialized.
[2026-06-02 18:15:18.737] Device polling started and enabled.
[2026-06-02 18:15:18.737] Device: APT High Voltage Amplifier
[2026-06-02 18:15:19.037] Max output voltage: 75V
[2026-06-02 18:15:19.037] Z-stage initialized successfully.
[2026-06-02 18:15:19.652] 
======================================================================
[2026-06-02 18:15:19.652] AUTOFOCUS on emitter at (0.00, 0.00) um
[2026-06-02 18:15:19.652] ======================================================================
[2026-06-02 18:15:19.655] 
[PHASE 1a] Symmetric scan ±10.0V @ 1.0V steps
[2026-06-02 18:15:19.657] Current voltage: 58.256782738731V
[2026-06-02 18:19:52.672] Initializing Z-stage (Serial: 71945320, Channel: 1)...
[2026-06-02 18:19:55.830] Connected to BenchtopPiezo device.
[2026-06-02 18:19:55.830] Retrieved channel 1.
[2026-06-02 18:19:55.839] Settings initialized.
[2026-06-02 18:19:56.354] Device polling started and enabled.
[2026-06-02 18:19:56.357] Device: APT High Voltage Amplifier
[2026-06-02 18:19:56.664] Max output voltage: 75V
[2026-06-02 18:19:56.664] Z-stage initialized successfully.
[2026-06-02 18:19:57.274] 
======================================================================
[2026-06-02 18:19:57.274] AUTOFOCUS on emitter at (0.00, 0.00) um
[2026-06-02 18:19:57.277] ======================================================================
[2026-06-02 18:19:57.278] 
[PHASE 1a] Symmetric scan ±10.0V @ 1.0V steps
[2026-06-02 18:19:57.281] Current voltage: 58.2453382976775V
[2026-06-02 18:19:57.282] Scanning voltage range: 48.25V to 68.25V (21 points)
[2026-06-02 18:20:22.481]   [1/21] Setting voltage to 48.25V...
[2026-06-02 18:20:24.607]     Acquiring spectrum...
[2026-06-02 18:20:27.214]     532nm intensity: 42.0
[2026-06-02 18:20:27.215]   [2/21] Setting voltage to 49.25V...
[2026-06-02 18:20:29.335]     Acquiring spectrum...
[2026-06-02 18:20:31.407]     532nm intensity: 40.0
[2026-06-02 18:20:31.408]   [3/21] Setting voltage to 50.25V...
[2026-06-02 18:20:33.533]     Acquiring spectrum...
[2026-06-02 18:20:35.610]     532nm intensity: 45.0
[2026-06-02 18:20:35.610]   [4/21] Setting voltage to 51.25V...
[2026-06-02 18:20:37.722]     Acquiring spectrum...
[2026-06-02 18:20:39.791]     532nm intensity: 50.0
[2026-06-02 18:20:39.793]   [5/21] Setting voltage to 52.25V...
[2026-06-02 18:20:41.909]     Acquiring spectrum...
[2026-06-02 18:20:43.986]     532nm intensity: 50.0
[2026-06-02 18:20:43.986]   [6/21] Setting voltage to 53.25V...
[2026-06-02 18:20:46.101]     Acquiring spectrum...
[2026-06-02 18:20:48.172]     532nm intensity: 46.0
[2026-06-02 18:20:48.173]   [7/21] Setting voltage to 54.25V...
[2026-06-02 18:20:50.304]     Acquiring spectrum...
[2026-06-02 18:20:52.371]     532nm intensity: 36.0
[2026-06-02 18:20:52.371]   [8/21] Setting voltage to 55.25V...
[2026-06-02 18:20:54.483]     Acquiring spectrum...
[2026-06-02 18:20:56.563]     532nm intensity: 43.0
[2026-06-02 18:20:56.564]   [9/21] Setting voltage to 56.25V...
[2026-06-02 18:20:58.670]     Acquiring spectrum...
[2026-06-02 18:21:00.739]     532nm intensity: 36.0
[2026-06-02 18:21:00.740]   [10/21] Setting voltage to 57.25V...
[2026-06-02 18:21:02.867]     Acquiring spectrum...
[2026-06-02 18:21:04.934]     532nm intensity: 37.0
[2026-06-02 18:21:04.934]   [11/21] Setting voltage to 58.25V...
[2026-06-02 18:21:07.050]     Acquiring spectrum...
[2026-06-02 18:21:09.122]     532nm intensity: 40.0
[2026-06-02 18:21:09.122]   [12/21] Setting voltage to 59.25V...
[2026-06-02 18:21:11.241]     Acquiring spectrum...
[2026-06-02 18:21:13.309]     532nm intensity: 38.0
[2026-06-02 18:21:13.310]   [13/21] Setting voltage to 60.25V...
[2026-06-02 18:21:15.417]     Acquiring spectrum...
[2026-06-02 18:21:17.486]     532nm intensity: 35.0
[2026-06-02 18:21:17.486]   [14/21] Setting voltage to 61.25V...
[2026-06-02 18:21:19.604]     Acquiring spectrum...
[2026-06-02 18:21:21.675]     532nm intensity: 38.0
[2026-06-02 18:21:21.675]   [15/21] Setting voltage to 62.25V...
[2026-06-02 18:21:23.793]     Acquiring spectrum...
[2026-06-02 18:21:25.867]     532nm intensity: 37.0
[2026-06-02 18:21:25.867]   [16/21] Setting voltage to 63.25V...
[2026-06-02 18:21:27.997]     Acquiring spectrum...
[2026-06-02 18:21:30.077]     532nm intensity: 37.0
[2026-06-02 18:21:30.077]   [17/21] Setting voltage to 64.25V...
[2026-06-02 18:21:32.198]     Acquiring spectrum...
[2026-06-02 18:21:34.269]     532nm intensity: 42.0
[2026-06-02 18:21:34.269]   [18/21] Setting voltage to 65.25V...
[2026-06-02 18:21:36.384]     Acquiring spectrum...
[2026-06-02 18:21:38.454]     532nm intensity: 38.0
[2026-06-02 18:21:38.454]   [19/21] Setting voltage to 66.25V...
[2026-06-02 18:21:40.576]     Acquiring spectrum...
[2026-06-02 18:21:42.658]     532nm intensity: 43.0
[2026-06-02 18:21:42.658]   [20/21] Setting voltage to 67.25V...
[2026-06-02 18:21:44.767]     Acquiring spectrum...
[2026-06-02 18:21:46.835]     532nm intensity: 38.0
[2026-06-02 18:21:46.836]   [21/21] Setting voltage to 68.25V...
[2026-06-02 18:21:48.959]     Acquiring spectrum...
[2026-06-02 18:21:51.030]     532nm intensity: 36.0
[2026-06-02 18:21:51.030] Peak found in interior at 51.25V — proceeding to Phase 2
[2026-06-02 18:21:51.031] 
[PHASE 2] Fine scan ±1.0V @ 0.1V steps around 51.25V
[2026-06-02 18:21:51.031] Scanning voltage range: 50.25V to 52.25V (21 points)
[2026-06-02 18:21:51.034]   [1/21] Setting voltage to 50.25V...
[2026-06-02 18:21:51.045] ERROR: Failed to set Z voltage to 50.25V: No method matches given arguments for ThorlabsGenericPiezoCLI.SetOutputVoltage: (<class 'numpy.float64'>)
[2026-06-02 18:21:51.046]     ERROR: Could not set voltage; skipping
[2026-06-02 18:21:51.046]   [2/21] Setting voltage to 50.35V...
[2026-06-02 18:21:51.047] ERROR: Failed to set Z voltage to 50.35V: No method matches given arguments for ThorlabsGenericPiezoCLI.SetOutputVoltage: (<class 'numpy.float64'>)
[2026-06-02 18:21:51.047]     ERROR: Could not set voltage; skipping
[2026-06-02 18:21:51.048]   [3/21] Setting voltage to 50.45V...
[2026-06-02 18:21:51.048] ERROR: Failed to set Z voltage to 50.45V: No method matches given arguments for ThorlabsGenericPiezoCLI.SetOutputVoltage: (<class 'numpy.float64'>)
[2026-06-02 18:21:51.048]     ERROR: Could not set voltage; skipping
[2026-06-02 18:21:51.048]   [4/21] Setting voltage to 50.55V...
[2026-06-02 18:21:51.049] ERROR: Failed to set Z voltage to 50.55V: No method matches given arguments for ThorlabsGenericPiezoCLI.SetOutputVoltage: (<class 'numpy.float64'>)
[2026-06-02 18:21:51.049]     ERROR: Could not set voltage; skipping
[2026-06-02 18:21:51.049]   [5/21] Setting voltage to 50.65V...
[2026-06-02 18:21:51.051] ERROR: Failed to set Z voltage to 50.65V: No method matches given arguments for ThorlabsGenericPiezoCLI.SetOutputVoltage: (<class 'numpy.float64'>)
[2026-06-02 18:21:51.051]     ERROR: Could not set voltage; skipping
[2026-06-02 18:21:51.051]   [6/21] Setting voltage to 50.75V...
[2026-06-02 18:21:51.051] ERROR: Failed to set Z voltage to 50.75V: No method matches given arguments for ThorlabsGenericPiezoCLI.SetOutputVoltage: (<class 'numpy.float64'>)
[2026-06-02 18:21:51.052]     ERROR: Could not set voltage; skipping
[2026-06-02 18:21:51.052]   [7/21] Setting voltage to 50.85V...
[2026-06-02 18:21:51.052] ERROR: Failed to set Z voltage to 50.85V: No method matches given arguments for ThorlabsGenericPiezoCLI.SetOutputVoltage: (<class 'numpy.float64'>)
[2026-06-02 18:21:51.052]     ERROR: Could not set voltage; skipping
[2026-06-02 18:21:51.053]   [8/21] Setting voltage to 50.95V...
[2026-06-02 18:21:51.053] ERROR: Failed to set Z voltage to 50.95V: No method matches given arguments for ThorlabsGenericPiezoCLI.SetOutputVoltage: (<class 'numpy.float64'>)
[2026-06-02 18:21:51.053]     ERROR: Could not set voltage; skipping
[2026-06-02 18:21:51.054]   [9/21] Setting voltage to 51.05V...
[2026-06-02 18:21:51.054] ERROR: Failed to set Z voltage to 51.05V: No method matches given arguments for ThorlabsGenericPiezoCLI.SetOutputVoltage: (<class 'numpy.float64'>)
[2026-06-02 18:21:51.055]     ERROR: Could not set voltage; skipping
[2026-06-02 18:21:51.055]   [10/21] Setting voltage to 51.15V...
[2026-06-02 18:21:51.056] ERROR: Failed to set Z voltage to 51.15V: No method matches given arguments for ThorlabsGenericPiezoCLI.SetOutputVoltage: (<class 'numpy.float64'>)
[2026-06-02 18:21:51.056]     ERROR: Could not set voltage; skipping
[2026-06-02 18:21:51.058]   [11/21] Setting voltage to 51.25V...
[2026-06-02 18:21:51.058] ERROR: Failed to set Z voltage to 51.25V: No method matches given arguments for ThorlabsGenericPiezoCLI.SetOutputVoltage: (<class 'numpy.float64'>)
[2026-06-02 18:21:51.058]     ERROR: Could not set voltage; skipping
[2026-06-02 18:21:51.058]   [12/21] Setting voltage to 51.35V...
[2026-06-02 18:21:51.059] ERROR: Failed to set Z voltage to 51.35V: No method matches given arguments for ThorlabsGenericPiezoCLI.SetOutputVoltage: (<class 'numpy.float64'>)
[2026-06-02 18:21:51.059]     ERROR: Could not set voltage; skipping
[2026-06-02 18:21:51.059]   [13/21] Setting voltage to 51.45V...
[2026-06-02 18:21:51.059] ERROR: Failed to set Z voltage to 51.45V: No method matches given arguments for ThorlabsGenericPiezoCLI.SetOutputVoltage: (<class 'numpy.float64'>)
[2026-06-02 18:21:51.059]     ERROR: Could not set voltage; skipping
[2026-06-02 18:21:51.061]   [14/21] Setting voltage to 51.55V...
[2026-06-02 18:21:51.061] ERROR: Failed to set Z voltage to 51.55V: No method matches given arguments for ThorlabsGenericPiezoCLI.SetOutputVoltage: (<class 'numpy.float64'>)
[2026-06-02 18:21:51.061]     ERROR: Could not set voltage; skipping
[2026-06-02 18:21:51.062]   [15/21] Setting voltage to 51.65V...
[2026-06-02 18:21:51.062] ERROR: Failed to set Z voltage to 51.65V: No method matches given arguments for ThorlabsGenericPiezoCLI.SetOutputVoltage: (<class 'numpy.float64'>)
[2026-06-02 18:21:51.062]     ERROR: Could not set voltage; skipping
[2026-06-02 18:21:51.062]   [16/21] Setting voltage to 51.75V...
[2026-06-02 18:21:51.063] ERROR: Failed to set Z voltage to 51.75V: No method matches given arguments for ThorlabsGenericPiezoCLI.SetOutputVoltage: (<class 'numpy.float64'>)
[2026-06-02 18:21:51.063]     ERROR: Could not set voltage; skipping
[2026-06-02 18:21:51.063]   [17/21] Setting voltage to 51.85V...
[2026-06-02 18:21:51.064] ERROR: Failed to set Z voltage to 51.85V: No method matches given arguments for ThorlabsGenericPiezoCLI.SetOutputVoltage: (<class 'numpy.float64'>)
[2026-06-02 18:21:51.064]     ERROR: Could not set voltage; skipping
[2026-06-02 18:21:51.064]   [18/21] Setting voltage to 51.95V...
[2026-06-02 18:21:51.064] ERROR: Failed to set Z voltage to 51.95V: No method matches given arguments for ThorlabsGenericPiezoCLI.SetOutputVoltage: (<class 'numpy.float64'>)
[2026-06-02 18:21:51.065]     ERROR: Could not set voltage; skipping
[2026-06-02 18:21:51.065]   [19/21] Setting voltage to 52.05V...
[2026-06-02 18:21:51.065] ERROR: Failed to set Z voltage to 52.05V: No method matches given arguments for ThorlabsGenericPiezoCLI.SetOutputVoltage: (<class 'numpy.float64'>)
[2026-06-02 18:21:51.065]     ERROR: Could not set voltage; skipping
[2026-06-02 18:21:51.066]   [20/21] Setting voltage to 52.15V...
[2026-06-02 18:21:51.066] ERROR: Failed to set Z voltage to 52.15V: No method matches given arguments for ThorlabsGenericPiezoCLI.SetOutputVoltage: (<class 'numpy.float64'>)
[2026-06-02 18:21:51.066]     ERROR: Could not set voltage; skipping
[2026-06-02 18:21:51.067]   [21/21] Setting voltage to 52.25V...
[2026-06-02 18:21:51.067] ERROR: Failed to set Z voltage to 52.25V: No method matches given arguments for ThorlabsGenericPiezoCLI.SetOutputVoltage: (<class 'numpy.float64'>)
[2026-06-02 18:21:51.068]     ERROR: Could not set voltage; skipping
[2026-06-02 18:21:51.068] ERROR: No valid spectra acquired in Phase 2
[2026-06-02 18:21:51.068] ERROR: Autofocus Phase 2 failed: No spectra acquired during fine scan
[2026-06-02 18:21:51.069] Z-stage polling stopped.
[2026-06-02 18:21:51.069] Z-stage shut down.
[2026-06-02 18:25:42.923] Initializing Z-stage (Serial: 71945320, Channel: 1)...
[2026-06-02 18:25:47.015] Connected to BenchtopPiezo device.
[2026-06-02 18:25:47.017] Retrieved channel 1.
[2026-06-02 18:25:47.019] Settings initialized.
[2026-06-02 18:25:47.531] Device polling started and enabled.
[2026-06-02 18:25:47.536] Device: APT High Voltage Amplifier
[2026-06-02 18:25:47.840] Max output voltage: 75V
[2026-06-02 18:25:47.840] Z-stage initialized successfully.
[2026-06-02 18:25:48.450] 
======================================================================
[2026-06-02 18:25:48.451] AUTOFOCUS on emitter at (0.00, 0.00) um
[2026-06-02 18:25:48.452] ======================================================================
[2026-06-02 18:25:48.453] 
[PHASE 1a] Symmetric scan ±10.0V @ 1.0V steps
[2026-06-02 18:25:48.456] Current voltage: 39.5588549455245V
[2026-06-02 18:25:48.456] Scanning voltage range: 29.56V to 49.56V (21 points)
[2026-06-02 18:25:48.459]   [1/21] Setting voltage to 29.56V...
[2026-06-02 18:25:50.590]     Acquiring spectrum...
[2026-06-02 18:25:52.674]     532nm intensity: 101.0
[2026-06-02 18:25:52.675]   [2/21] Setting voltage to 30.56V...
[2026-06-02 18:25:54.792]     Acquiring spectrum...
[2026-06-02 18:25:56.856]     532nm intensity: 110.0
[2026-06-02 18:25:56.857]   [3/21] Setting voltage to 31.56V...
[2026-06-02 18:25:58.979]     Acquiring spectrum...
[2026-06-02 18:26:01.044]     532nm intensity: 110.0
[2026-06-02 18:26:01.045]   [4/21] Setting voltage to 32.56V...
[2026-06-02 18:26:03.162]     Acquiring spectrum...
[2026-06-02 18:26:05.248]     532nm intensity: 113.0
[2026-06-02 18:26:05.248]   [5/21] Setting voltage to 33.56V...
[2026-06-02 18:26:07.360]     Acquiring spectrum...
[2026-06-02 18:26:09.459]     532nm intensity: 127.0
[2026-06-02 18:26:09.459]   [6/21] Setting voltage to 34.56V...
[2026-06-02 18:26:11.572]     Acquiring spectrum...
[2026-06-02 18:26:13.637]     532nm intensity: 139.0
[2026-06-02 18:26:13.638]   [7/21] Setting voltage to 35.56V...
[2026-06-02 18:26:15.760]     Acquiring spectrum...
[2026-06-02 18:26:17.824]     532nm intensity: 132.0
[2026-06-02 18:26:17.824]   [8/21] Setting voltage to 36.56V...
[2026-06-02 18:26:19.939]     Acquiring spectrum...
[2026-06-02 18:26:22.000]     532nm intensity: 128.0
[2026-06-02 18:26:22.001]   [9/21] Setting voltage to 37.56V...
[2026-06-02 18:26:24.125]     Acquiring spectrum...
[2026-06-02 18:26:26.188]     532nm intensity: 137.0
[2026-06-02 18:26:26.189]   [10/21] Setting voltage to 38.56V...
[2026-06-02 18:26:28.295]     Acquiring spectrum...
[2026-06-02 18:26:30.364]     532nm intensity: 118.0
[2026-06-02 18:26:30.364]   [11/21] Setting voltage to 39.56V...
[2026-06-02 18:26:32.479]     Acquiring spectrum...
[2026-06-02 18:26:34.563]     532nm intensity: 126.0
[2026-06-02 18:26:34.564]   [12/21] Setting voltage to 40.56V...
[2026-06-02 18:26:36.681]     Acquiring spectrum...
[2026-06-02 18:26:38.775]     532nm intensity: 132.0
[2026-06-02 18:26:38.775]   [13/21] Setting voltage to 41.56V...
[2026-06-02 18:26:40.892]     Acquiring spectrum...
[2026-06-02 18:26:42.953]     532nm intensity: 138.0
[2026-06-02 18:26:42.954]   [14/21] Setting voltage to 42.56V...
[2026-06-02 18:26:45.073]     Acquiring spectrum...
[2026-06-02 18:26:47.142]     532nm intensity: 138.0
[2026-06-02 18:26:47.142]   [15/21] Setting voltage to 43.56V...
[2026-06-02 18:26:49.257]     Acquiring spectrum...
[2026-06-02 18:26:51.335]     532nm intensity: 144.0
[2026-06-02 18:26:51.335]   [16/21] Setting voltage to 44.56V...
[2026-06-02 18:26:53.447]     Acquiring spectrum...
[2026-06-02 18:26:55.517]     532nm intensity: 150.0
[2026-06-02 18:26:55.517]   [17/21] Setting voltage to 45.56V...
[2026-06-02 18:26:57.642]     Acquiring spectrum...
[2026-06-02 18:26:59.707]     532nm intensity: 135.0
[2026-06-02 18:26:59.707]   [18/21] Setting voltage to 46.56V...
[2026-06-02 18:27:01.814]     Acquiring spectrum...
[2026-06-02 18:27:03.882]     532nm intensity: 128.0
[2026-06-02 18:27:03.883]   [19/21] Setting voltage to 47.56V...
[2026-06-02 18:27:05.994]     Acquiring spectrum...
[2026-06-02 18:27:08.231]     532nm intensity: 131.0
[2026-06-02 18:27:08.233]   [20/21] Setting voltage to 48.56V...
[2026-06-02 18:27:10.340]     Acquiring spectrum...
[2026-06-02 18:27:12.416]     532nm intensity: 100.0
[2026-06-02 18:27:12.416]   [21/21] Setting voltage to 49.56V...
[2026-06-02 18:27:14.531]     Acquiring spectrum...
[2026-06-02 18:27:16.607]     532nm intensity: 96.0
[2026-06-02 18:27:16.607] Peak found in interior at 44.56V — proceeding to Phase 2
[2026-06-02 18:27:16.608] 
[PHASE 2] Fine scan ±1.0V @ 0.1V steps around 44.56V
[2026-06-02 18:27:16.608] Scanning voltage range: 43.56V to 45.56V (21 points)
[2026-06-02 18:27:16.617]   [1/21] Setting voltage to 43.56V...
[2026-06-02 18:27:16.626] ERROR: Failed to set Z voltage to 43.56V: No method matches given arguments for ThorlabsGenericPiezoCLI.SetOutputVoltage: (<class 'numpy.float64'>)
[2026-06-02 18:27:16.626]     ERROR: Could not set voltage; skipping
[2026-06-02 18:27:16.627]   [2/21] Setting voltage to 43.66V...
[2026-06-02 18:27:16.627] ERROR: Failed to set Z voltage to 43.66V: No method matches given arguments for ThorlabsGenericPiezoCLI.SetOutputVoltage: (<class 'numpy.float64'>)
[2026-06-02 18:27:16.628]     ERROR: Could not set voltage; skipping
[2026-06-02 18:27:16.628]   [3/21] Setting voltage to 43.76V...
[2026-06-02 18:27:16.629] ERROR: Failed to set Z voltage to 43.76V: No method matches given arguments for ThorlabsGenericPiezoCLI.SetOutputVoltage: (<class 'numpy.float64'>)
[2026-06-02 18:27:16.629]     ERROR: Could not set voltage; skipping
[2026-06-02 18:27:16.629]   [4/21] Setting voltage to 43.86V...
[2026-06-02 18:27:16.629] ERROR: Failed to set Z voltage to 43.86V: No method matches given arguments for ThorlabsGenericPiezoCLI.SetOutputVoltage: (<class 'numpy.float64'>)
[2026-06-02 18:27:16.629]     ERROR: Could not set voltage; skipping
[2026-06-02 18:27:16.631]   [5/21] Setting voltage to 43.96V...
[2026-06-02 18:27:16.631] ERROR: Failed to set Z voltage to 43.96V: No method matches given arguments for ThorlabsGenericPiezoCLI.SetOutputVoltage: (<class 'numpy.float64'>)
[2026-06-02 18:27:16.632]     ERROR: Could not set voltage; skipping
[2026-06-02 18:27:16.633]   [6/21] Setting voltage to 44.06V...
[2026-06-02 18:27:16.633] ERROR: Failed to set Z voltage to 44.06V: No method matches given arguments for ThorlabsGenericPiezoCLI.SetOutputVoltage: (<class 'numpy.float64'>)
[2026-06-02 18:27:16.634]     ERROR: Could not set voltage; skipping
[2026-06-02 18:27:16.634]   [7/21] Setting voltage to 44.16V...
[2026-06-02 18:27:16.634] ERROR: Failed to set Z voltage to 44.16V: No method matches given arguments for ThorlabsGenericPiezoCLI.SetOutputVoltage: (<class 'numpy.float64'>)
[2026-06-02 18:27:16.635]     ERROR: Could not set voltage; skipping
[2026-06-02 18:27:16.635]   [8/21] Setting voltage to 44.26V...
[2026-06-02 18:27:16.635] ERROR: Failed to set Z voltage to 44.26V: No method matches given arguments for ThorlabsGenericPiezoCLI.SetOutputVoltage: (<class 'numpy.float64'>)
[2026-06-02 18:27:16.636]     ERROR: Could not set voltage; skipping
[2026-06-02 18:27:16.636]   [9/21] Setting voltage to 44.36V...
[2026-06-02 18:27:16.636] ERROR: Failed to set Z voltage to 44.36V: No method matches given arguments for ThorlabsGenericPiezoCLI.SetOutputVoltage: (<class 'numpy.float64'>)
[2026-06-02 18:27:16.637]     ERROR: Could not set voltage; skipping
[2026-06-02 18:27:16.637]   [10/21] Setting voltage to 44.46V...
[2026-06-02 18:27:16.637] ERROR: Failed to set Z voltage to 44.46V: No method matches given arguments for ThorlabsGenericPiezoCLI.SetOutputVoltage: (<class 'numpy.float64'>)
[2026-06-02 18:27:16.637]     ERROR: Could not set voltage; skipping
[2026-06-02 18:27:16.638]   [11/21] Setting voltage to 44.56V...
[2026-06-02 18:27:16.638] ERROR: Failed to set Z voltage to 44.56V: No method matches given arguments for ThorlabsGenericPiezoCLI.SetOutputVoltage: (<class 'numpy.float64'>)
[2026-06-02 18:27:16.638]     ERROR: Could not set voltage; skipping
[2026-06-02 18:27:16.639]   [12/21] Setting voltage to 44.66V...
[2026-06-02 18:27:16.639] ERROR: Failed to set Z voltage to 44.66V: No method matches given arguments for ThorlabsGenericPiezoCLI.SetOutputVoltage: (<class 'numpy.float64'>)
[2026-06-02 18:27:16.639]     ERROR: Could not set voltage; skipping
[2026-06-02 18:27:16.640]   [13/21] Setting voltage to 44.76V...
[2026-06-02 18:27:16.640] ERROR: Failed to set Z voltage to 44.76V: No method matches given arguments for ThorlabsGenericPiezoCLI.SetOutputVoltage: (<class 'numpy.float64'>)
[2026-06-02 18:27:16.641]     ERROR: Could not set voltage; skipping
[2026-06-02 18:27:16.641]   [14/21] Setting voltage to 44.86V...
[2026-06-02 18:27:16.642] ERROR: Failed to set Z voltage to 44.86V: No method matches given arguments for ThorlabsGenericPiezoCLI.SetOutputVoltage: (<class 'numpy.float64'>)
[2026-06-02 18:27:16.642]     ERROR: Could not set voltage; skipping
[2026-06-02 18:27:16.642]   [15/21] Setting voltage to 44.96V...
[2026-06-02 18:27:16.644] ERROR: Failed to set Z voltage to 44.96V: No method matches given arguments for ThorlabsGenericPiezoCLI.SetOutputVoltage: (<class 'numpy.float64'>)
[2026-06-02 18:27:16.644]     ERROR: Could not set voltage; skipping
[2026-06-02 18:27:16.645]   [16/21] Setting voltage to 45.06V...
[2026-06-02 18:27:16.645] ERROR: Failed to set Z voltage to 45.06V: No method matches given arguments for ThorlabsGenericPiezoCLI.SetOutputVoltage: (<class 'numpy.float64'>)
[2026-06-02 18:27:16.646]     ERROR: Could not set voltage; skipping
[2026-06-02 18:27:16.646]   [17/21] Setting voltage to 45.16V...
[2026-06-02 18:27:16.646] ERROR: Failed to set Z voltage to 45.16V: No method matches given arguments for ThorlabsGenericPiezoCLI.SetOutputVoltage: (<class 'numpy.float64'>)
[2026-06-02 18:27:16.647]     ERROR: Could not set voltage; skipping
[2026-06-02 18:27:16.647]   [18/21] Setting voltage to 45.26V...
[2026-06-02 18:27:16.648] ERROR: Failed to set Z voltage to 45.26V: No method matches given arguments for ThorlabsGenericPiezoCLI.SetOutputVoltage: (<class 'numpy.float64'>)
[2026-06-02 18:27:16.648]     ERROR: Could not set voltage; skipping
[2026-06-02 18:27:16.649]   [19/21] Setting voltage to 45.36V...
[2026-06-02 18:27:16.649] ERROR: Failed to set Z voltage to 45.36V: No method matches given arguments for ThorlabsGenericPiezoCLI.SetOutputVoltage: (<class 'numpy.float64'>)
[2026-06-02 18:27:16.650]     ERROR: Could not set voltage; skipping
[2026-06-02 18:27:16.650]   [20/21] Setting voltage to 45.46V...
[2026-06-02 18:27:16.651] ERROR: Failed to set Z voltage to 45.46V: No method matches given arguments for ThorlabsGenericPiezoCLI.SetOutputVoltage: (<class 'numpy.float64'>)
[2026-06-02 18:27:16.651]     ERROR: Could not set voltage; skipping
[2026-06-02 18:27:16.651]   [21/21] Setting voltage to 45.56V...
[2026-06-02 18:27:16.652] ERROR: Failed to set Z voltage to 45.56V: No method matches given arguments for ThorlabsGenericPiezoCLI.SetOutputVoltage: (<class 'numpy.float64'>)
[2026-06-02 18:27:16.652]     ERROR: Could not set voltage; skipping
[2026-06-02 18:27:16.652] ERROR: No valid spectra acquired in Phase 2
[2026-06-02 18:27:16.653] ERROR: Autofocus Phase 2 failed: No spectra acquired during fine scan
[2026-06-02 18:27:16.653] Z-stage polling stopped.
[2026-06-02 18:27:16.654] Z-stage shut down.
[2026-06-04 14:04:56.261] Initializing Z-stage (Serial: 71945320, Channel: 1)...
[2026-06-04 14:04:59.518] Connected to BenchtopPiezo device.
[2026-06-04 14:04:59.522] Retrieved channel 1.
[2026-06-04 14:04:59.524] Settings initialized.
[2026-06-04 14:05:00.046] Device polling started and enabled.
[2026-06-04 14:05:00.049] Device: APT High Voltage Amplifier
[2026-06-04 14:05:00.358] Max output voltage: 75V
[2026-06-04 14:05:00.359] Z-stage initialized successfully.
[2026-06-04 14:05:00.980] 
======================================================================
[2026-06-04 14:05:00.981] AUTOFOCUS on emitter at (0.00, 0.00) um
[2026-06-04 14:05:00.981] ======================================================================
[2026-06-04 14:05:00.983] 
[PHASE 1a] Symmetric scan ±10.0V @ 1.0V steps
[2026-06-04 14:05:00.983] Current voltage: 38.4487441633351V
[2026-06-04 14:05:00.984] Scanning voltage range: 28.45V to 48.45V (21 points)
[2026-06-04 14:05:35.440] Initializing Z-stage (Serial: 71945320, Channel: 1)...
[2026-06-04 14:05:38.740] Connected to BenchtopPiezo device.
[2026-06-04 14:05:38.743] Retrieved channel 1.
[2026-06-04 14:05:38.746] Settings initialized.
[2026-06-04 14:05:39.252] Device polling started and enabled.
[2026-06-04 14:05:39.256] Device: APT High Voltage Amplifier
[2026-06-04 14:05:39.548] Max output voltage: 75V
[2026-06-04 14:05:39.551] Z-stage initialized successfully.
[2026-06-04 14:05:40.172] 
======================================================================
[2026-06-04 14:05:40.173] AUTOFOCUS on emitter at (0.00, 0.00) um
[2026-06-04 14:05:40.174] ======================================================================
[2026-06-04 14:05:40.174] 
[PHASE 1a] Symmetric scan ±10.0V @ 1.0V steps
[2026-06-04 14:05:40.174] Current voltage: 38.4235663930174V
[2026-06-04 14:05:40.176] Scanning voltage range: 28.42V to 48.42V (21 points)
[2026-06-04 14:06:22.370] Initializing Z-stage (Serial: 71945320, Channel: 1)...
[2026-06-04 14:06:25.575] Connected to BenchtopPiezo device.
[2026-06-04 14:06:25.579] Retrieved channel 1.
[2026-06-04 14:06:25.580] Settings initialized.
[2026-06-04 14:06:26.090] Device polling started and enabled.
[2026-06-04 14:06:26.096] Device: APT High Voltage Amplifier
[2026-06-04 14:06:26.391] Max output voltage: 75V
[2026-06-04 14:06:26.391] Z-stage initialized successfully.
[2026-06-04 14:06:27.002] 
======================================================================
[2026-06-04 14:06:27.003] AUTOFOCUS on emitter at (0.00, 0.00) um
[2026-06-04 14:06:27.003] ======================================================================
[2026-06-04 14:06:27.004] 
[PHASE 1a] Symmetric scan ±10.0V @ 1.0V steps
[2026-06-04 14:06:27.004] Current voltage: 38.4098330637532V
[2026-06-04 14:06:27.004] Scanning voltage range: 28.41V to 48.41V (21 points)
[2026-06-04 14:08:28.299] Initializing Z-stage (Serial: 71945320, Channel: 1)...
[2026-06-04 14:08:31.576] Connected to BenchtopPiezo device.
[2026-06-04 14:08:31.578] Retrieved channel 1.
[2026-06-04 14:08:31.580] Settings initialized.
[2026-06-04 14:08:32.106] Device polling started and enabled.
[2026-06-04 14:08:32.109] Device: APT High Voltage Amplifier
[2026-06-04 14:08:32.405] Max output voltage: 75V
[2026-06-04 14:08:32.406] Z-stage initialized successfully.
[2026-06-04 14:08:33.014] 
======================================================================
[2026-06-04 14:08:33.014] AUTOFOCUS on emitter at (0.00, 0.00) um
[2026-06-04 14:08:33.015] ======================================================================
[2026-06-04 14:08:33.015] 
[PHASE 1a] Symmetric scan ±10.0V @ 1.0V steps
[2026-06-04 14:08:33.016] Current voltage: 65.5194250312815V
[2026-06-04 14:08:33.016] Scanning voltage range: 55.52V to 75.52V (21 points)
[2026-06-04 14:14:39.859] Initializing Z-stage (Serial: 71945320, Channel: 1)...
[2026-06-04 14:14:43.902] Connected to BenchtopPiezo device.
[2026-06-04 14:14:43.908] Retrieved channel 1.
[2026-06-04 14:14:43.911] Settings initialized.
[2026-06-04 14:14:44.431] Device polling started and enabled.
[2026-06-04 14:14:44.439] Device: APT High Voltage Amplifier
[2026-06-04 14:14:44.742] Max output voltage: 75V
[2026-06-04 14:14:44.743] Z-stage initialized successfully.
[2026-06-04 14:14:45.368] 
======================================================================
[2026-06-04 14:14:45.368] AUTOFOCUS on emitter at (0.00, 0.00) um
[2026-06-04 14:14:45.368] ======================================================================
[2026-06-04 14:14:45.370] 
[PHASE 1a] Symmetric scan ±10.0V @ 1.0V steps
[2026-06-04 14:14:45.370] Current voltage: 65.5102694784387V
[2026-06-04 14:14:45.370] Scanning voltage range: 55.51V to 75.51V (21 points)
[2026-06-04 14:14:45.401]   [1/21] Setting voltage to 55.51V...
[2026-06-04 14:14:47.525]     Acquiring spectrum...
[2026-06-04 14:14:49.969]     532nm intensity: 195.0
[2026-06-04 14:14:49.969]   [2/21] Setting voltage to 56.51V...
[2026-06-04 14:14:52.094]     Acquiring spectrum...
[2026-06-04 14:14:54.178]     532nm intensity: 222.0
[2026-06-04 14:14:54.178]   [3/21] Setting voltage to 57.51V...
[2026-06-04 14:14:56.292]     Acquiring spectrum...
[2026-06-04 14:14:58.358]     532nm intensity: 201.0
[2026-06-04 14:14:58.358]   [4/21] Setting voltage to 58.51V...
[2026-06-04 14:15:00.474]     Acquiring spectrum...
[2026-06-04 14:15:02.550]     532nm intensity: 204.0
[2026-06-04 14:15:02.550]   [5/21] Setting voltage to 59.51V...
[2026-06-04 14:15:04.661]     Acquiring spectrum...
[2026-06-04 14:15:06.730]     532nm intensity: 223.0
[2026-06-04 14:15:06.731]   [6/21] Setting voltage to 60.51V...
[2026-06-04 14:15:08.845]     Acquiring spectrum...
[2026-06-04 14:15:10.930]     532nm intensity: 179.0
[2026-06-04 14:15:10.931]   [7/21] Setting voltage to 61.51V...
[2026-06-04 14:15:13.047]     Acquiring spectrum...
[2026-06-04 14:15:15.125]     532nm intensity: 192.0
[2026-06-04 14:15:15.125]   [8/21] Setting voltage to 62.51V...
[2026-06-04 14:15:17.244]     Acquiring spectrum...
[2026-06-04 14:15:19.331]     532nm intensity: 159.0
[2026-06-04 14:15:19.332]   [9/21] Setting voltage to 63.51V...
[2026-06-04 14:15:21.445]     Acquiring spectrum...
[2026-06-04 14:15:23.519]     532nm intensity: 158.0
[2026-06-04 14:15:23.519]   [10/21] Setting voltage to 64.51V...
[2026-06-04 14:15:25.645]     Acquiring spectrum...
[2026-06-04 14:15:27.706]     532nm intensity: 149.0
[2026-06-04 14:15:27.706]   [11/21] Setting voltage to 65.51V...
[2026-06-04 14:15:29.821]     Acquiring spectrum...
[2026-06-04 14:15:31.893]     532nm intensity: 142.0
[2026-06-04 14:15:31.893]   [12/21] Setting voltage to 66.51V...
[2026-06-04 14:15:34.003]     Acquiring spectrum...
[2026-06-04 14:15:36.070]     532nm intensity: 120.0
[2026-06-04 14:15:36.070]   [13/21] Setting voltage to 67.51V...
[2026-06-04 14:15:38.195]     Acquiring spectrum...
[2026-06-04 14:15:40.255]     532nm intensity: 114.0
[2026-06-04 14:15:40.255]   [14/21] Setting voltage to 68.51V...
[2026-06-04 14:15:42.378]     Acquiring spectrum...
[2026-06-04 14:15:44.444]     532nm intensity: 104.0
[2026-06-04 14:15:44.445]   [15/21] Setting voltage to 69.51V...
[2026-06-04 14:15:46.565]     Acquiring spectrum...
[2026-06-04 14:15:48.631]     532nm intensity: 91.0
[2026-06-04 14:15:48.631]   [16/21] Setting voltage to 70.51V...
[2026-06-04 14:15:50.741]     Acquiring spectrum...
[2026-06-04 14:15:52.805]     532nm intensity: 83.0
[2026-06-04 14:15:52.805]   [17/21] Setting voltage to 71.51V...
[2026-06-04 14:15:54.929]     Acquiring spectrum...
[2026-06-04 14:15:57.011]     532nm intensity: 87.0
[2026-06-04 14:15:57.012]   [18/21] Setting voltage to 72.51V...
[2026-06-04 14:15:59.126]     Acquiring spectrum...
[2026-06-04 14:16:01.214]     532nm intensity: 88.0
[2026-06-04 14:16:01.215]   [19/21] Setting voltage to 73.51V...
[2026-06-04 14:16:03.335]     Acquiring spectrum...
[2026-06-04 14:16:05.396]     532nm intensity: 70.0
[2026-06-04 14:16:05.397]   [20/21] Setting voltage to 74.51V...
[2026-06-04 14:16:07.517]     Acquiring spectrum...
[2026-06-04 14:16:09.589]     532nm intensity: 73.0
[2026-06-04 14:16:09.589]   [21/21] Setting voltage to 75.51V...
[2026-06-04 14:16:11.694]     Acquiring spectrum...
[2026-06-04 14:16:13.805]     532nm intensity: 84.0
[2026-06-04 14:16:13.806] Peak found in interior at 59.51V — proceeding to Phase 2
[2026-06-04 14:16:13.806] 
[PHASE 2] Fine scan ±1.0V @ 0.1V steps around 59.51V
[2026-06-04 14:16:13.807] Scanning voltage range: 58.51V to 60.51V (21 points)
[2026-06-04 14:16:13.869]   [1/21] Setting voltage to 58.51V...
[2026-06-04 14:23:02.445] Initializing Z-stage (Serial: 71945320, Channel: 1)...
[2026-06-04 14:23:06.457] Connected to BenchtopPiezo device.
[2026-06-04 14:23:06.460] Retrieved channel 1.
[2026-06-04 14:23:06.462] Settings initialized.
[2026-06-04 14:23:06.973] Device polling started and enabled.
[2026-06-04 14:23:06.979] Device: APT High Voltage Amplifier
[2026-06-04 14:23:07.287] Max output voltage: 75V
[2026-06-04 14:23:07.288] Z-stage initialized successfully.
[2026-06-04 14:23:07.894] 
======================================================================
[2026-06-04 14:23:07.895] AUTOFOCUS on emitter at (0.00, 0.00) um
[2026-06-04 14:23:07.896] ======================================================================
[2026-06-04 14:23:07.898] 
[PHASE 1a] Symmetric scan ±10.0V @ 1.0V steps
[2026-06-04 14:23:07.899] Current voltage: 74.9862666707358V
[2026-06-04 14:23:07.900] Scanning voltage range: 64.99V to 84.99V (21 points)
[2026-06-04 14:23:07.928]   [1/21] Setting voltage to 64.99V...
[2026-06-04 14:23:10.065]     Acquiring spectrum...
[2026-06-04 14:23:12.143]     532nm intensity: 80.0
[2026-06-04 14:23:12.143]   [2/21] Setting voltage to 65.99V...
[2026-06-04 14:23:14.262]     Acquiring spectrum...
[2026-06-04 14:23:16.339]     532nm intensity: 74.0
[2026-06-04 14:23:16.339]   [3/21] Setting voltage to 66.99V...
[2026-06-04 14:23:18.447]     Acquiring spectrum...
[2026-06-04 14:23:20.533]     532nm intensity: 76.0
[2026-06-04 14:23:20.533]   [4/21] Setting voltage to 67.99V...
[2026-06-04 14:23:22.644]     Acquiring spectrum...
[2026-06-04 14:23:24.708]     532nm intensity: 63.0
[2026-06-04 14:23:24.708]   [5/21] Setting voltage to 68.99V...
[2026-06-04 14:23:26.835]     Acquiring spectrum...
[2026-06-04 14:23:28.923]     532nm intensity: 61.0
[2026-06-04 14:23:28.923]   [6/21] Setting voltage to 69.99V...
[2026-06-04 14:23:31.048]     Acquiring spectrum...
[2026-06-04 14:23:33.111]     532nm intensity: 62.0
[2026-06-04 14:23:33.111]   [7/21] Setting voltage to 70.99V...
[2026-06-04 14:23:35.230]     Acquiring spectrum...
[2026-06-04 14:23:37.299]     532nm intensity: 60.0
[2026-06-04 14:23:37.299]   [8/21] Setting voltage to 71.99V...
[2026-06-04 14:23:39.413]     Acquiring spectrum...
[2026-06-04 14:23:41.474]     532nm intensity: 54.0
[2026-06-04 14:23:41.474]   [9/21] Setting voltage to 72.99V...
[2026-06-04 14:23:43.598]     Acquiring spectrum...
[2026-06-04 14:23:45.675]     532nm intensity: 75.0
[2026-06-04 14:23:45.675]   [10/21] Setting voltage to 73.99V...
[2026-06-04 14:23:47.806]     Acquiring spectrum...
[2026-06-04 14:23:49.878]     532nm intensity: 59.0
[2026-06-04 14:23:49.879]   [11/21] Setting voltage to 74.99V...
[2026-06-04 14:23:51.991]     Acquiring spectrum...
[2026-06-04 14:23:54.061]     532nm intensity: 62.0
[2026-06-04 14:23:54.063]   [12/21] Setting voltage to 75.99V...
[2026-06-04 14:23:56.168]     Acquiring spectrum...
[2026-06-04 14:23:58.230]     532nm intensity: 53.0
[2026-06-04 14:23:58.230]   [13/21] Setting voltage to 76.99V...
[2026-06-04 14:24:00.337]     Acquiring spectrum...
[2026-06-04 14:24:02.402]     532nm intensity: 63.0
[2026-06-04 14:24:02.403]   [14/21] Setting voltage to 77.99V...
[2026-06-04 14:24:04.512]     Acquiring spectrum...
[2026-06-04 14:24:06.576]     532nm intensity: 48.0
[2026-06-04 14:24:06.577]   [15/21] Setting voltage to 78.99V...
[2026-06-04 14:24:08.683]     Acquiring spectrum...
[2026-06-04 14:24:10.765]     532nm intensity: 49.0
[2026-06-04 14:24:10.765]   [16/21] Setting voltage to 79.99V...
[2026-06-04 14:24:12.887]     Acquiring spectrum...
[2026-06-04 14:24:14.953]     532nm intensity: 47.0
[2026-06-04 14:24:14.953]   [17/21] Setting voltage to 80.99V...
[2026-06-04 14:24:17.065]     Acquiring spectrum...
[2026-06-04 14:24:19.128]     532nm intensity: 56.0
[2026-06-04 14:24:19.128]   [18/21] Setting voltage to 81.99V...
[2026-06-04 14:24:21.235]     Acquiring spectrum...
[2026-06-04 14:24:23.302]     532nm intensity: 51.0
[2026-06-04 14:24:23.303]   [19/21] Setting voltage to 82.99V...
[2026-06-04 14:24:25.415]     Acquiring spectrum...
[2026-06-04 14:24:27.479]     532nm intensity: 53.0
[2026-06-04 14:24:27.479]   [20/21] Setting voltage to 83.99V...
[2026-06-04 14:24:29.606]     Acquiring spectrum...
[2026-06-04 14:24:31.675]     532nm intensity: 55.0
[2026-06-04 14:24:31.676]   [21/21] Setting voltage to 84.99V...
[2026-06-04 14:24:33.804]     Acquiring spectrum...
[2026-06-04 14:24:35.880]     532nm intensity: 55.0
[2026-06-04 14:24:35.881] Peak found at lower boundary (64.99V) — will extend downward
[2026-06-04 14:24:35.881] 
[PHASE 1b] Directional scan from 64.99V in 'negative' direction
[2026-06-04 14:24:35.894]   Step 1: Setting voltage to 63.99V...
[2026-06-04 14:24:35.906] ERROR: Failed to set Z voltage to 63.99V: No method matches given arguments for ThorlabsGenericPiezoCLI.SetOutputVoltage: (<class 'numpy.float64'>)
[2026-06-04 14:24:35.906]     ERROR: Could not set voltage; skipping
[2026-06-04 14:24:35.907]   Step 2: Setting voltage to 62.99V...
[2026-06-04 14:24:35.907] ERROR: Failed to set Z voltage to 62.99V: No method matches given arguments for ThorlabsGenericPiezoCLI.SetOutputVoltage: (<class 'numpy.float64'>)
[2026-06-04 14:24:35.909]     ERROR: Could not set voltage; skipping
[2026-06-04 14:24:35.909]   Step 3: Setting voltage to 61.99V...
[2026-06-04 14:24:35.909] ERROR: Failed to set Z voltage to 61.99V: No method matches given arguments for ThorlabsGenericPiezoCLI.SetOutputVoltage: (<class 'numpy.float64'>)
[2026-06-04 14:24:35.910]     ERROR: Could not set voltage; skipping
[2026-06-04 14:24:35.910]   Step 4: Setting voltage to 60.99V...
[2026-06-04 14:24:35.911] ERROR: Failed to set Z voltage to 60.99V: No method matches given arguments for ThorlabsGenericPiezoCLI.SetOutputVoltage: (<class 'numpy.float64'>)
[2026-06-04 14:24:35.911]     ERROR: Could not set voltage; skipping
[2026-06-04 14:24:35.911]   Step 5: Setting voltage to 59.99V...
[2026-06-04 14:24:35.912] ERROR: Failed to set Z voltage to 59.99V: No method matches given arguments for ThorlabsGenericPiezoCLI.SetOutputVoltage: (<class 'numpy.float64'>)
[2026-06-04 14:24:35.912]     ERROR: Could not set voltage; skipping
[2026-06-04 14:24:35.912]   Step 6: Setting voltage to 58.99V...
[2026-06-04 14:24:35.913] ERROR: Failed to set Z voltage to 58.99V: No method matches given arguments for ThorlabsGenericPiezoCLI.SetOutputVoltage: (<class 'numpy.float64'>)
[2026-06-04 14:24:35.913]     ERROR: Could not set voltage; skipping
[2026-06-04 14:24:35.913]   Step 7: Setting voltage to 57.99V...
[2026-06-04 14:24:35.914] ERROR: Failed to set Z voltage to 57.99V: No method matches given arguments for ThorlabsGenericPiezoCLI.SetOutputVoltage: (<class 'numpy.float64'>)
[2026-06-04 14:24:35.914]     ERROR: Could not set voltage; skipping
[2026-06-04 14:24:35.914]   Step 8: Setting voltage to 56.99V...
[2026-06-04 14:24:35.914] ERROR: Failed to set Z voltage to 56.99V: No method matches given arguments for ThorlabsGenericPiezoCLI.SetOutputVoltage: (<class 'numpy.float64'>)
[2026-06-04 14:24:35.915]     ERROR: Could not set voltage; skipping
[2026-06-04 14:24:35.915]   Step 9: Setting voltage to 55.99V...
[2026-06-04 14:24:35.915] ERROR: Failed to set Z voltage to 55.99V: No method matches given arguments for ThorlabsGenericPiezoCLI.SetOutputVoltage: (<class 'numpy.float64'>)
[2026-06-04 14:24:35.915]     ERROR: Could not set voltage; skipping
[2026-06-04 14:24:35.916]   Step 10: Setting voltage to 54.99V...
[2026-06-04 14:24:35.916] ERROR: Failed to set Z voltage to 54.99V: No method matches given arguments for ThorlabsGenericPiezoCLI.SetOutputVoltage: (<class 'numpy.float64'>)
[2026-06-04 14:24:35.916]     ERROR: Could not set voltage; skipping
[2026-06-04 14:24:35.917]   Step 11: Setting voltage to 53.99V...
[2026-06-04 14:24:35.917] ERROR: Failed to set Z voltage to 53.99V: No method matches given arguments for ThorlabsGenericPiezoCLI.SetOutputVoltage: (<class 'numpy.float64'>)
[2026-06-04 14:24:35.918]     ERROR: Could not set voltage; skipping
[2026-06-04 14:24:35.918]   Step 12: Setting voltage to 52.99V...
[2026-06-04 14:24:35.919] ERROR: Failed to set Z voltage to 52.99V: No method matches given arguments for ThorlabsGenericPiezoCLI.SetOutputVoltage: (<class 'numpy.float64'>)
[2026-06-04 14:24:35.919]     ERROR: Could not set voltage; skipping
[2026-06-04 14:24:35.919]   Step 13: Setting voltage to 51.99V...
[2026-06-04 14:24:35.920] ERROR: Failed to set Z voltage to 51.99V: No method matches given arguments for ThorlabsGenericPiezoCLI.SetOutputVoltage: (<class 'numpy.float64'>)
[2026-06-04 14:24:35.920]     ERROR: Could not set voltage; skipping
[2026-06-04 14:24:35.920]   Step 14: Setting voltage to 50.99V...
[2026-06-04 14:24:35.921] ERROR: Failed to set Z voltage to 50.99V: No method matches given arguments for ThorlabsGenericPiezoCLI.SetOutputVoltage: (<class 'numpy.float64'>)
[2026-06-04 14:24:35.921]     ERROR: Could not set voltage; skipping
[2026-06-04 14:24:35.921]   Step 15: Setting voltage to 49.99V...
[2026-06-04 14:24:35.923] ERROR: Failed to set Z voltage to 49.99V: No method matches given arguments for ThorlabsGenericPiezoCLI.SetOutputVoltage: (<class 'numpy.float64'>)
[2026-06-04 14:24:35.923]     ERROR: Could not set voltage; skipping
[2026-06-04 14:24:35.923]   Step 16: Setting voltage to 48.99V...
[2026-06-04 14:24:35.923] ERROR: Failed to set Z voltage to 48.99V: No method matches given arguments for ThorlabsGenericPiezoCLI.SetOutputVoltage: (<class 'numpy.float64'>)
[2026-06-04 14:24:35.924]     ERROR: Could not set voltage; skipping
[2026-06-04 14:24:35.924]   Step 17: Setting voltage to 47.99V...
[2026-06-04 14:24:35.924] ERROR: Failed to set Z voltage to 47.99V: No method matches given arguments for ThorlabsGenericPiezoCLI.SetOutputVoltage: (<class 'numpy.float64'>)
[2026-06-04 14:24:35.924]     ERROR: Could not set voltage; skipping
[2026-06-04 14:24:35.925]   Step 18: Setting voltage to 46.99V...
[2026-06-04 14:24:35.925] ERROR: Failed to set Z voltage to 46.99V: No method matches given arguments for ThorlabsGenericPiezoCLI.SetOutputVoltage: (<class 'numpy.float64'>)
[2026-06-04 14:24:35.925]     ERROR: Could not set voltage; skipping
[2026-06-04 14:24:35.925]   Step 19: Setting voltage to 45.99V...
[2026-06-04 14:24:35.926] ERROR: Failed to set Z voltage to 45.99V: No method matches given arguments for ThorlabsGenericPiezoCLI.SetOutputVoltage: (<class 'numpy.float64'>)
[2026-06-04 14:24:35.926]     ERROR: Could not set voltage; skipping
[2026-06-04 14:24:35.926]   Step 20: Setting voltage to 44.99V...
[2026-06-04 14:24:35.928] ERROR: Failed to set Z voltage to 44.99V: No method matches given arguments for ThorlabsGenericPiezoCLI.SetOutputVoltage: (<class 'numpy.float64'>)
[2026-06-04 14:24:35.928]     ERROR: Could not set voltage; skipping
[2026-06-04 14:24:35.928]   Step 21: Setting voltage to 43.99V...
[2026-06-04 14:24:35.928] ERROR: Failed to set Z voltage to 43.99V: No method matches given arguments for ThorlabsGenericPiezoCLI.SetOutputVoltage: (<class 'numpy.float64'>)
[2026-06-04 14:24:35.929]     ERROR: Could not set voltage; skipping
[2026-06-04 14:24:35.929]   Step 22: Setting voltage to 42.99V...
[2026-06-04 14:24:35.929] ERROR: Failed to set Z voltage to 42.99V: No method matches given arguments for ThorlabsGenericPiezoCLI.SetOutputVoltage: (<class 'numpy.float64'>)
[2026-06-04 14:24:35.929]     ERROR: Could not set voltage; skipping
[2026-06-04 14:24:35.929]   Step 23: Setting voltage to 41.99V...
[2026-06-04 14:24:35.930] ERROR: Failed to set Z voltage to 41.99V: No method matches given arguments for ThorlabsGenericPiezoCLI.SetOutputVoltage: (<class 'numpy.float64'>)
[2026-06-04 14:24:35.930]     ERROR: Could not set voltage; skipping
[2026-06-04 14:24:35.930]   Step 24: Setting voltage to 40.99V...
[2026-06-04 14:24:35.930] ERROR: Failed to set Z voltage to 40.99V: No method matches given arguments for ThorlabsGenericPiezoCLI.SetOutputVoltage: (<class 'numpy.float64'>)
[2026-06-04 14:24:35.931]     ERROR: Could not set voltage; skipping
[2026-06-04 14:24:35.931]   Step 25: Setting voltage to 39.99V...
[2026-06-04 14:24:35.933] ERROR: Failed to set Z voltage to 39.99V: No method matches given arguments for ThorlabsGenericPiezoCLI.SetOutputVoltage: (<class 'numpy.float64'>)
[2026-06-04 14:24:35.933]     ERROR: Could not set voltage; skipping
[2026-06-04 14:24:35.933]   Step 26: Setting voltage to 38.99V...
[2026-06-04 14:24:35.934] ERROR: Failed to set Z voltage to 38.99V: No method matches given arguments for ThorlabsGenericPiezoCLI.SetOutputVoltage: (<class 'numpy.float64'>)
[2026-06-04 14:24:35.934]     ERROR: Could not set voltage; skipping
[2026-06-04 14:24:35.934]   Step 27: Setting voltage to 37.99V...
[2026-06-04 14:24:35.934] ERROR: Failed to set Z voltage to 37.99V: No method matches given arguments for ThorlabsGenericPiezoCLI.SetOutputVoltage: (<class 'numpy.float64'>)
[2026-06-04 14:24:35.935]     ERROR: Could not set voltage; skipping
[2026-06-04 14:24:35.935]   Step 28: Setting voltage to 36.99V...
[2026-06-04 14:24:35.935] ERROR: Failed to set Z voltage to 36.99V: No method matches given arguments for ThorlabsGenericPiezoCLI.SetOutputVoltage: (<class 'numpy.float64'>)
[2026-06-04 14:24:35.936]     ERROR: Could not set voltage; skipping
[2026-06-04 14:24:35.936]   Step 29: Setting voltage to 35.99V...
[2026-06-04 14:24:35.940] ERROR: Failed to set Z voltage to 35.99V: No method matches given arguments for ThorlabsGenericPiezoCLI.SetOutputVoltage: (<class 'numpy.float64'>)
[2026-06-04 14:24:35.941]     ERROR: Could not set voltage; skipping
[2026-06-04 14:24:35.941]   Step 30: Setting voltage to 34.99V...
[2026-06-04 14:24:35.941] ERROR: Failed to set Z voltage to 34.99V: No method matches given arguments for ThorlabsGenericPiezoCLI.SetOutputVoltage: (<class 'numpy.float64'>)
[2026-06-04 14:24:35.942]     ERROR: Could not set voltage; skipping
[2026-06-04 14:24:35.942]   Step 31: Setting voltage to 33.99V...
[2026-06-04 14:24:35.942] ERROR: Failed to set Z voltage to 33.99V: No method matches given arguments for ThorlabsGenericPiezoCLI.SetOutputVoltage: (<class 'numpy.float64'>)
[2026-06-04 14:24:35.943]     ERROR: Could not set voltage; skipping
[2026-06-04 14:24:35.943]   Step 32: Setting voltage to 32.99V...
[2026-06-04 14:24:35.943] ERROR: Failed to set Z voltage to 32.99V: No method matches given arguments for ThorlabsGenericPiezoCLI.SetOutputVoltage: (<class 'numpy.float64'>)
[2026-06-04 14:24:35.943]     ERROR: Could not set voltage; skipping
[2026-06-04 14:24:35.943]   Step 33: Setting voltage to 31.99V...
[2026-06-04 14:24:35.945] ERROR: Failed to set Z voltage to 31.99V: No method matches given arguments for ThorlabsGenericPiezoCLI.SetOutputVoltage: (<class 'numpy.float64'>)
[2026-06-04 14:24:35.945]     ERROR: Could not set voltage; skipping
[2026-06-04 14:24:35.946]   Step 34: Setting voltage to 30.99V...
[2026-06-04 14:24:35.946] ERROR: Failed to set Z voltage to 30.99V: No method matches given arguments for ThorlabsGenericPiezoCLI.SetOutputVoltage: (<class 'numpy.float64'>)
[2026-06-04 14:24:35.946]     ERROR: Could not set voltage; skipping
[2026-06-04 14:24:35.947]   Step 35: Setting voltage to 29.99V...
[2026-06-04 14:24:35.947] ERROR: Failed to set Z voltage to 29.99V: No method matches given arguments for ThorlabsGenericPiezoCLI.SetOutputVoltage: (<class 'numpy.float64'>)
[2026-06-04 14:24:35.947]     ERROR: Could not set voltage; skipping
[2026-06-04 14:24:35.948]   Step 36: Setting voltage to 28.99V...
[2026-06-04 14:24:35.948] ERROR: Failed to set Z voltage to 28.99V: No method matches given arguments for ThorlabsGenericPiezoCLI.SetOutputVoltage: (<class 'numpy.float64'>)
[2026-06-04 14:24:35.948]     ERROR: Could not set voltage; skipping
[2026-06-04 14:24:35.948]   Step 37: Setting voltage to 27.99V...
[2026-06-04 14:24:35.949] ERROR: Failed to set Z voltage to 27.99V: No method matches given arguments for ThorlabsGenericPiezoCLI.SetOutputVoltage: (<class 'numpy.float64'>)
[2026-06-04 14:24:35.949]     ERROR: Could not set voltage; skipping
[2026-06-04 14:24:35.949]   Step 38: Setting voltage to 26.99V...
[2026-06-04 14:24:35.950] ERROR: Failed to set Z voltage to 26.99V: No method matches given arguments for ThorlabsGenericPiezoCLI.SetOutputVoltage: (<class 'numpy.float64'>)
[2026-06-04 14:24:35.950]     ERROR: Could not set voltage; skipping
[2026-06-04 14:24:35.950]   Step 39: Setting voltage to 25.99V...
[2026-06-04 14:24:35.951] ERROR: Failed to set Z voltage to 25.99V: No method matches given arguments for ThorlabsGenericPiezoCLI.SetOutputVoltage: (<class 'numpy.float64'>)
[2026-06-04 14:24:35.951]     ERROR: Could not set voltage; skipping
[2026-06-04 14:24:35.951]   Step 40: Setting voltage to 24.99V...
[2026-06-04 14:24:35.951] ERROR: Failed to set Z voltage to 24.99V: No method matches given arguments for ThorlabsGenericPiezoCLI.SetOutputVoltage: (<class 'numpy.float64'>)
[2026-06-04 14:24:35.952]     ERROR: Could not set voltage; skipping
[2026-06-04 14:24:35.952]   Step 41: Setting voltage to 23.99V...
[2026-06-04 14:24:35.952] ERROR: Failed to set Z voltage to 23.99V: No method matches given arguments for ThorlabsGenericPiezoCLI.SetOutputVoltage: (<class 'numpy.float64'>)
[2026-06-04 14:24:35.952]     ERROR: Could not set voltage; skipping
[2026-06-04 14:24:35.953]   Step 42: Setting voltage to 22.99V...
[2026-06-04 14:24:35.953] ERROR: Failed to set Z voltage to 22.99V: No method matches given arguments for ThorlabsGenericPiezoCLI.SetOutputVoltage: (<class 'numpy.float64'>)
[2026-06-04 14:24:35.953]     ERROR: Could not set voltage; skipping
[2026-06-04 14:24:35.953]   Step 43: Setting voltage to 21.99V...
[2026-06-04 14:24:35.955] ERROR: Failed to set Z voltage to 21.99V: No method matches given arguments for ThorlabsGenericPiezoCLI.SetOutputVoltage: (<class 'numpy.float64'>)
[2026-06-04 14:24:35.955]     ERROR: Could not set voltage; skipping
[2026-06-04 14:24:35.955]   Step 44: Setting voltage to 20.99V...
[2026-06-04 14:24:35.955] ERROR: Failed to set Z voltage to 20.99V: No method matches given arguments for ThorlabsGenericPiezoCLI.SetOutputVoltage: (<class 'numpy.float64'>)
[2026-06-04 14:24:35.956]     ERROR: Could not set voltage; skipping
[2026-06-04 14:24:35.956]   Step 45: Setting voltage to 19.99V...
[2026-06-04 14:24:35.956] ERROR: Failed to set Z voltage to 19.99V: No method matches given arguments for ThorlabsGenericPiezoCLI.SetOutputVoltage: (<class 'numpy.float64'>)
[2026-06-04 14:24:35.957]     ERROR: Could not set voltage; skipping
[2026-06-04 14:24:35.957]   Step 46: Setting voltage to 18.99V...
[2026-06-04 14:24:35.957] ERROR: Failed to set Z voltage to 18.99V: No method matches given arguments for ThorlabsGenericPiezoCLI.SetOutputVoltage: (<class 'numpy.float64'>)
[2026-06-04 14:24:35.958]     ERROR: Could not set voltage; skipping
[2026-06-04 14:24:35.958]   Step 47: Setting voltage to 17.99V...
[2026-06-04 14:24:35.958] ERROR: Failed to set Z voltage to 17.99V: No method matches given arguments for ThorlabsGenericPiezoCLI.SetOutputVoltage: (<class 'numpy.float64'>)
[2026-06-04 14:24:35.959]     ERROR: Could not set voltage; skipping
[2026-06-04 14:24:35.959]   Step 48: Setting voltage to 16.99V...
[2026-06-04 14:24:35.959] ERROR: Failed to set Z voltage to 16.99V: No method matches given arguments for ThorlabsGenericPiezoCLI.SetOutputVoltage: (<class 'numpy.float64'>)
[2026-06-04 14:24:35.959]     ERROR: Could not set voltage; skipping
[2026-06-04 14:24:35.960]   Step 49: Setting voltage to 15.99V...
[2026-06-04 14:24:35.960] ERROR: Failed to set Z voltage to 15.99V: No method matches given arguments for ThorlabsGenericPiezoCLI.SetOutputVoltage: (<class 'numpy.float64'>)
[2026-06-04 14:24:35.960]     ERROR: Could not set voltage; skipping
[2026-06-04 14:24:35.961]   Step 50: Setting voltage to 14.99V...
[2026-06-04 14:24:35.961] ERROR: Failed to set Z voltage to 14.99V: No method matches given arguments for ThorlabsGenericPiezoCLI.SetOutputVoltage: (<class 'numpy.float64'>)
[2026-06-04 14:24:35.961]     ERROR: Could not set voltage; skipping
[2026-06-04 14:24:35.961]   Step 51: Setting voltage to 13.99V...
[2026-06-04 14:24:35.962] ERROR: Failed to set Z voltage to 13.99V: No method matches given arguments for ThorlabsGenericPiezoCLI.SetOutputVoltage: (<class 'numpy.float64'>)
[2026-06-04 14:24:35.962]     ERROR: Could not set voltage; skipping
[2026-06-04 14:24:35.962]   Step 52: Setting voltage to 12.99V...
[2026-06-04 14:24:35.962] ERROR: Failed to set Z voltage to 12.99V: No method matches given arguments for ThorlabsGenericPiezoCLI.SetOutputVoltage: (<class 'numpy.float64'>)
[2026-06-04 14:24:35.963]     ERROR: Could not set voltage; skipping
[2026-06-04 14:24:35.963]   Step 53: Setting voltage to 11.99V...
[2026-06-04 14:24:35.963] ERROR: Failed to set Z voltage to 11.99V: No method matches given arguments for ThorlabsGenericPiezoCLI.SetOutputVoltage: (<class 'numpy.float64'>)
[2026-06-04 14:24:35.963]     ERROR: Could not set voltage; skipping
[2026-06-04 14:24:35.963]   Step 54: Setting voltage to 10.99V...
[2026-06-04 14:24:35.965] ERROR: Failed to set Z voltage to 10.99V: No method matches given arguments for ThorlabsGenericPiezoCLI.SetOutputVoltage: (<class 'numpy.float64'>)
[2026-06-04 14:24:35.965]     ERROR: Could not set voltage; skipping
[2026-06-04 14:24:35.965]   Step 55: Setting voltage to 9.99V...
[2026-06-04 14:24:35.965] ERROR: Failed to set Z voltage to 9.99V: No method matches given arguments for ThorlabsGenericPiezoCLI.SetOutputVoltage: (<class 'numpy.float64'>)
[2026-06-04 14:24:35.965]     ERROR: Could not set voltage; skipping
[2026-06-04 14:24:35.966]   Step 56: Setting voltage to 8.99V...
[2026-06-04 14:24:35.966] ERROR: Failed to set Z voltage to 8.99V: No method matches given arguments for ThorlabsGenericPiezoCLI.SetOutputVoltage: (<class 'numpy.float64'>)
[2026-06-04 14:24:35.966]     ERROR: Could not set voltage; skipping
[2026-06-04 14:24:35.966]   Step 57: Setting voltage to 7.99V...
[2026-06-04 14:24:35.967] ERROR: Failed to set Z voltage to 7.99V: No method matches given arguments for ThorlabsGenericPiezoCLI.SetOutputVoltage: (<class 'numpy.float64'>)
[2026-06-04 14:24:35.967]     ERROR: Could not set voltage; skipping
[2026-06-04 14:24:35.967]   Step 58: Setting voltage to 6.99V...
[2026-06-04 14:24:35.967] ERROR: Failed to set Z voltage to 6.99V: No method matches given arguments for ThorlabsGenericPiezoCLI.SetOutputVoltage: (<class 'numpy.float64'>)
[2026-06-04 14:24:35.968]     ERROR: Could not set voltage; skipping
[2026-06-04 14:24:35.968]   Step 59: Setting voltage to 5.99V...
[2026-06-04 14:24:35.968] ERROR: Failed to set Z voltage to 5.99V: No method matches given arguments for ThorlabsGenericPiezoCLI.SetOutputVoltage: (<class 'numpy.float64'>)
[2026-06-04 14:24:35.968]     ERROR: Could not set voltage; skipping
[2026-06-04 14:24:35.969]   Step 60: Setting voltage to 4.99V...
[2026-06-04 14:24:35.969] ERROR: Failed to set Z voltage to 4.99V: No method matches given arguments for ThorlabsGenericPiezoCLI.SetOutputVoltage: (<class 'numpy.float64'>)
[2026-06-04 14:24:35.969]     ERROR: Could not set voltage; skipping
[2026-06-04 14:24:35.970]   Step 61: Setting voltage to 3.99V...
[2026-06-04 14:24:35.970] ERROR: Failed to set Z voltage to 3.99V: No method matches given arguments for ThorlabsGenericPiezoCLI.SetOutputVoltage: (<class 'numpy.float64'>)
[2026-06-04 14:24:35.970]     ERROR: Could not set voltage; skipping
[2026-06-04 14:24:35.970]   Step 62: Setting voltage to 2.99V...
[2026-06-04 14:24:35.971] ERROR: Failed to set Z voltage to 2.99V: No method matches given arguments for ThorlabsGenericPiezoCLI.SetOutputVoltage: (<class 'numpy.float64'>)
[2026-06-04 14:24:35.971]     ERROR: Could not set voltage; skipping
[2026-06-04 14:24:35.972]   Step 63: Setting voltage to 1.99V...
[2026-06-04 14:24:35.972] ERROR: Failed to set Z voltage to 1.99V: No method matches given arguments for ThorlabsGenericPiezoCLI.SetOutputVoltage: (<class 'numpy.float64'>)
[2026-06-04 14:24:35.972]     ERROR: Could not set voltage; skipping
[2026-06-04 14:24:35.973]   Step 64: Setting voltage to 0.99V...
[2026-06-04 14:24:35.973] ERROR: Failed to set Z voltage to 0.99V: No method matches given arguments for ThorlabsGenericPiezoCLI.SetOutputVoltage: (<class 'numpy.float64'>)
[2026-06-04 14:24:35.973]     ERROR: Could not set voltage; skipping
[2026-06-04 14:24:35.973] Reached voltage boundary (-0.01V); stopping search
[2026-06-04 14:24:35.974] ERROR: No valid spectra acquired in Phase 1b
[2026-06-04 14:24:35.974] ERROR: Autofocus Phase 1b failed: No spectra acquired during directional scan
[2026-06-04 14:24:35.974] Z-stage polling stopped.
[2026-06-04 14:24:35.976] Z-stage shut down.
[2026-06-04 14:25:10.364] Initializing Z-stage (Serial: 71945320, Channel: 1)...
[2026-06-04 14:25:14.428] Connected to BenchtopPiezo device.
[2026-06-04 14:25:14.429] Retrieved channel 1.
[2026-06-04 14:25:14.431] Settings initialized.
[2026-06-04 14:25:14.940] Device polling started and enabled.
[2026-06-04 14:25:14.945] Device: APT High Voltage Amplifier
[2026-06-04 14:25:15.238] Max output voltage: 75V
[2026-06-04 14:25:15.239] Z-stage initialized successfully.
[2026-06-04 14:25:15.850] 
======================================================================
[2026-06-04 14:25:15.850] AUTOFOCUS on emitter at (0.00, 0.00) um
[2026-06-04 14:25:15.851] ======================================================================
[2026-06-04 14:25:15.851] 
[PHASE 1a] Symmetric scan ±10.0V @ 1.0V steps
[2026-06-04 14:25:15.851] Current voltage: 37.4645222327342V
[2026-06-04 14:25:15.852] Scanning voltage range: 27.46V to 47.46V (21 points)
[2026-06-04 14:25:15.867]   [1/21] Setting voltage to 27.46V...
[2026-06-04 14:25:17.994]     Acquiring spectrum...
[2026-06-04 14:25:20.058]     532nm intensity: 71.0
[2026-06-04 14:25:20.060]   [2/21] Setting voltage to 28.46V...
[2026-06-04 14:25:22.170]     Acquiring spectrum...
[2026-06-04 14:25:24.233]     532nm intensity: 134.0
[2026-06-04 14:25:24.233]   [3/21] Setting voltage to 29.46V...
[2026-06-04 14:25:26.347]     Acquiring spectrum...
[2026-06-04 14:25:28.427]     532nm intensity: 125.0
[2026-06-04 14:25:28.427]   [4/21] Setting voltage to 30.46V...
[2026-06-04 14:25:30.538]     Acquiring spectrum...
[2026-06-04 14:25:32.635]     532nm intensity: 138.0
[2026-06-04 14:25:32.637]   [5/21] Setting voltage to 31.46V...
[2026-06-04 14:25:34.752]     Acquiring spectrum...
[2026-06-04 14:25:36.838]     532nm intensity: 148.0
[2026-06-04 14:25:36.839]   [6/21] Setting voltage to 32.46V...
[2026-06-04 14:25:38.957]     Acquiring spectrum...
[2026-06-04 14:25:41.025]     532nm intensity: 137.0
[2026-06-04 14:25:41.025]   [7/21] Setting voltage to 33.46V...
[2026-06-04 14:25:43.136]     Acquiring spectrum...
[2026-06-04 14:25:45.200]     532nm intensity: 126.0
[2026-06-04 14:25:45.200]   [8/21] Setting voltage to 34.46V...
[2026-06-04 14:25:47.314]     Acquiring spectrum...
[2026-06-04 14:25:49.401]     532nm intensity: 67.0
[2026-06-04 14:25:49.401]   [9/21] Setting voltage to 35.46V...
[2026-06-04 14:25:51.505]     Acquiring spectrum...
[2026-06-04 14:25:53.562]     532nm intensity: 64.0
[2026-06-04 14:25:53.563]   [10/21] Setting voltage to 36.46V...
[2026-06-04 14:25:55.687]     Acquiring spectrum...
[2026-06-04 14:25:57.752]     532nm intensity: 76.0
[2026-06-04 14:25:57.752]   [11/21] Setting voltage to 37.46V...
[2026-06-04 14:25:59.872]     Acquiring spectrum...
[2026-06-04 14:26:01.940]     532nm intensity: 69.0
[2026-06-04 14:26:01.941]   [12/21] Setting voltage to 38.46V...
[2026-06-04 14:26:04.054]     Acquiring spectrum...
[2026-06-04 14:26:06.120]     532nm intensity: 74.0
[2026-06-04 14:26:06.121]   [13/21] Setting voltage to 39.46V...
[2026-06-04 14:26:08.228]     Acquiring spectrum...
[2026-06-04 14:26:10.289]     532nm intensity: 78.0
[2026-06-04 14:26:10.289]   [14/21] Setting voltage to 40.46V...
[2026-06-04 14:26:12.406]     Acquiring spectrum...
[2026-06-04 14:26:14.479]     532nm intensity: 91.0
[2026-06-04 14:26:14.479]   [15/21] Setting voltage to 41.46V...
[2026-06-04 14:26:16.587]     Acquiring spectrum...
[2026-06-04 14:26:18.666]     532nm intensity: 93.0
[2026-06-04 14:26:18.666]   [16/21] Setting voltage to 42.46V...
[2026-06-04 14:26:20.791]     Acquiring spectrum...
[2026-06-04 14:26:22.854]     532nm intensity: 85.0
[2026-06-04 14:26:22.855]   [17/21] Setting voltage to 43.46V...
[2026-06-04 14:26:24.966]     Acquiring spectrum...
[2026-06-04 14:26:27.028]     532nm intensity: 85.0
[2026-06-04 14:26:27.029]   [18/21] Setting voltage to 44.46V...
[2026-06-04 14:26:29.149]     Acquiring spectrum...
[2026-06-04 14:26:31.220]     532nm intensity: 95.0
[2026-06-04 14:26:31.220]   [19/21] Setting voltage to 45.46V...
[2026-06-04 14:26:33.332]     Acquiring spectrum...
[2026-06-04 14:26:35.393]     532nm intensity: 99.0
[2026-06-04 14:26:35.394]   [20/21] Setting voltage to 46.46V...
[2026-06-04 14:26:37.517]     Acquiring spectrum...
[2026-06-04 14:26:39.593]     532nm intensity: 130.0
[2026-06-04 14:26:39.593]   [21/21] Setting voltage to 47.46V...
[2026-06-04 14:26:41.709]     Acquiring spectrum...
[2026-06-04 14:26:43.783]     532nm intensity: 128.0
[2026-06-04 14:26:43.784] Peak found in interior at 31.46V — proceeding to Phase 2
[2026-06-04 14:26:43.785] 
[PHASE 2] Fine scan ±1.0V @ 0.1V steps around 31.46V
[2026-06-04 14:26:43.785] Scanning voltage range: 30.46V to 32.46V (21 points)
[2026-06-04 14:26:43.816]   [1/21] Setting voltage to 30.46V...
[2026-06-04 14:26:45.929]     Acquiring spectrum...
[2026-06-04 14:26:48.011]     532nm intensity: 55.0
[2026-06-04 14:26:48.011]   [2/21] Setting voltage to 30.56V...
[2026-06-04 14:26:50.131]     Acquiring spectrum...
[2026-06-04 14:26:52.211]     532nm intensity: 56.0
[2026-06-04 14:26:52.212]   [3/21] Setting voltage to 30.66V...
[2026-06-04 14:26:54.335]     Acquiring spectrum...
[2026-06-04 14:26:56.400]     532nm intensity: 53.0
[2026-06-04 14:26:56.401]   [4/21] Setting voltage to 30.76V...
[2026-06-04 14:26:58.515]     Acquiring spectrum...
[2026-06-04 14:27:00.576]     532nm intensity: 51.0
[2026-06-04 14:27:00.577]   [5/21] Setting voltage to 30.86V...
[2026-06-04 14:27:02.691]     Acquiring spectrum...
[2026-06-04 14:27:04.752]     532nm intensity: 62.0
[2026-06-04 14:27:04.753]   [6/21] Setting voltage to 30.96V...
[2026-06-04 14:27:06.876]     Acquiring spectrum...
[2026-06-04 14:27:08.938]     532nm intensity: 57.0
[2026-06-04 14:27:08.938]   [7/21] Setting voltage to 31.06V...
[2026-06-04 14:27:11.060]     Acquiring spectrum...
[2026-06-04 14:27:13.126]     532nm intensity: 54.0
[2026-06-04 14:27:13.126]   [8/21] Setting voltage to 31.16V...
[2026-06-04 14:27:15.230]     Acquiring spectrum...
[2026-06-04 14:27:17.301]     532nm intensity: 56.0
[2026-06-04 14:27:17.301]   [9/21] Setting voltage to 31.26V...
[2026-06-04 14:27:19.416]     Acquiring spectrum...
[2026-06-04 14:27:21.475]     532nm intensity: 58.0
[2026-06-04 14:27:21.476]   [10/21] Setting voltage to 31.36V...
[2026-06-04 14:27:23.595]     Acquiring spectrum...
[2026-06-04 14:27:25.654]     532nm intensity: 59.0
[2026-06-04 14:27:25.654]   [11/21] Setting voltage to 31.46V...
[2026-06-04 14:27:27.759]     Acquiring spectrum...
[2026-06-04 14:27:29.839]     532nm intensity: 55.0
[2026-06-04 14:27:29.840]   [12/21] Setting voltage to 31.56V...
[2026-06-04 14:27:31.947]     Acquiring spectrum...
[2026-06-04 14:27:34.014]     532nm intensity: 56.0
[2026-06-04 14:27:34.015]   [13/21] Setting voltage to 31.66V...
[2026-06-04 14:27:36.132]     Acquiring spectrum...
[2026-06-04 14:27:38.216]     532nm intensity: 52.0
[2026-06-04 14:27:38.216]   [14/21] Setting voltage to 31.76V...
[2026-06-04 14:27:40.336]     Acquiring spectrum...
[2026-06-04 14:27:42.404]     532nm intensity: 50.0
[2026-06-04 14:27:42.404]   [15/21] Setting voltage to 31.86V...
[2026-06-04 14:27:44.515]     Acquiring spectrum...
[2026-06-04 14:27:46.580]     532nm intensity: 59.0
[2026-06-04 14:27:46.580]   [16/21] Setting voltage to 31.96V...
[2026-06-04 14:27:48.698]     Acquiring spectrum...
[2026-06-04 14:27:50.767]     532nm intensity: 63.0
[2026-06-04 14:27:50.768]   [17/21] Setting voltage to 32.06V...
[2026-06-04 14:27:52.875]     Acquiring spectrum...
[2026-06-04 14:27:54.941]     532nm intensity: 54.0
[2026-06-04 14:27:54.942]   [18/21] Setting voltage to 32.16V...
[2026-06-04 14:27:57.063]     Acquiring spectrum...
[2026-06-04 14:27:59.143]     532nm intensity: 58.0
[2026-06-04 14:27:59.143]   [19/21] Setting voltage to 32.26V...
[2026-06-04 14:28:01.261]     Acquiring spectrum...
[2026-06-04 14:28:03.320]     532nm intensity: 53.0
[2026-06-04 14:28:03.320]   [20/21] Setting voltage to 32.36V...
[2026-06-04 14:28:05.431]     Acquiring spectrum...
[2026-06-04 14:28:07.494]     532nm intensity: 65.0
[2026-06-04 14:28:07.494]   [21/21] Setting voltage to 32.46V...
[2026-06-04 14:28:09.607]     Acquiring spectrum...
[2026-06-04 14:28:11.668]     532nm intensity: 56.0
[2026-06-04 14:28:11.669] Fine peak found at 32.36V (intensity: 65.0)
[2026-06-04 14:28:11.669] 
[LOCK] Setting Z-voltage to 32.36V...
[2026-06-04 14:28:11.680] ERROR: Failed to set Z voltage to 32.36V: No method matches given arguments for ThorlabsGenericPiezoCLI.SetOutputVoltage: (<class 'numpy.float64'>)
[2026-06-04 14:28:11.681] ERROR: Failed to lock focus at 32.36V
[2026-06-04 14:28:11.681] Z-stage polling stopped.
[2026-06-04 14:28:11.682] Z-stage shut down.
[2026-06-04 14:32:06.239] Initializing Z-stage (Serial: 71945320, Channel: 1)...
[2026-06-04 14:32:10.396] Connected to BenchtopPiezo device.
[2026-06-04 14:32:10.399] Retrieved channel 1.
[2026-06-04 14:32:10.400] Settings initialized.
[2026-06-04 14:32:10.911] Device polling started and enabled.
[2026-06-04 14:32:10.919] Device: APT High Voltage Amplifier
[2026-06-04 14:32:11.224] Max output voltage: 75V
[2026-06-04 14:32:11.225] Z-stage initialized successfully.
[2026-06-04 14:33:11.279] Initializing Z-stage (Serial: 71945320, Channel: 1)...
[2026-06-04 14:33:15.495] Connected to BenchtopPiezo device.
[2026-06-04 14:33:15.498] Retrieved channel 1.
[2026-06-04 14:33:15.500] Settings initialized.
[2026-06-04 14:33:16.023] Device polling started and enabled.
[2026-06-04 14:33:16.029] Device: APT High Voltage Amplifier
[2026-06-04 14:33:16.322] Max output voltage: 75V
[2026-06-04 14:33:16.323] Z-stage initialized successfully.
